# JRE version: OpenJDK Runtime Environment Temurin-17.0.8.1+1 (17.0.8.1+1) (build 17.0.8.1+1)
# Java VM: OpenJDK 64-Bit Server VM Temurin-17.0.8.1+1 (17.0.8.1+1, mixed mode, emulated-client, tiered, compressed oops, compressed class ptrs, g1 gc, windows-amd64)
GC Precious Log:
 CPUs: 4 total, 4 available
 Memory: 3934M
 Large Page Support: Disabled
 NUMA Support: Disabled
 Compressed Oops: Enabled (32-bit)
 Heap Region Size: 1M
 Heap Min Capacity: 8M
 Heap Initial Capacity: 62M
 Heap Max Capacity: 1G
 Pre-touch: Disabled
 Parallel Workers: 4
 Concurrent Workers: 1
 Concurrent Refinement Workers: 4
 Periodic GC: Disabled
Heap:
 garbage-first heap   total 109568K, used 32413K [0x00000000c0000000, 0x0000000100000000)
  region size 1024K, 1 young (1024K), 0 survivors (0K)
 Metaspace       used 59782K, committed 60416K, reserved 1114112K
  class space    used 7424K, committed 7680K, reserved 1048576K
GC Heap History (20 events):
Event: 1488.503 GC heap before
{Heap before GC invocations=146 (full 117):
 garbage-first heap   total 112640K, used 32413K [0x00000000c0000000, 0x0000000100000000)
  region size 1024K, 1 young (1024K), 0 survivors (0K)
 Metaspace       used 59782K, committed 60416K, reserved 1114112K
  class space    used 7424K, committed 7680K, reserved 1048576K
}
Event: 1488.573 GC heap after
{Heap after GC invocations=147 (full 118):
 garbage-first heap   total 112640K, used 32413K [0x00000000c0000000, 0x0000000100000000)
  region size 1024K, 0 young (0K), 0 survivors (0K)
 Metaspace       used 59782K, committed 60416K, reserved 1114112K
  class space    used 7424K, committed 7680K, reserved 1048576K
}
Event: 1506.580 GC heap before
{Heap before GC invocations=147 (full 118):
 garbage-first heap   total 112640K, used 32413K [0x00000000c0000000, 0x0000000100000000)
  region size 1024K, 1 young (1024K), 0 survivors (0K)
 Metaspace       used 59782K, committed 60416K, reserved 1114112K
  class space    used 7424K, committed 7680K, reserved 1048576K
}
Event: 1506.640 GC heap after
{Heap after GC invocations=148 (full 119):
 garbage-first heap   total 109568K, used 32413K [0x00000000c0000000, 0x0000000100000000)
  region size 1024K, 0 young (0K), 0 survivors (0K)
 Metaspace       used 59782K, committed 60416K, reserved 1114112K
  class space    used 7424K, committed 7680K, reserved 1048576K
}
Event: 1524.505 GC heap before
{Heap before GC invocations=148 (full 119):
 garbage-first heap   total 109568K, used 32413K [0x00000000c0000000, 0x0000000100000000)
  region size 1024K, 1 young (1024K), 0 survivors (0K)
 Metaspace       used 59782K, committed 60416K, reserved 1114112K
  class space    used 7424K, committed 7680K, reserved 1048576K
}
Event: 1524.579 GC heap after
{Heap after GC invocations=149 (full 120):
 garbage-first heap   total 109568K, used 32413K [0x00000000c0000000, 0x0000000100000000)
  region size 1024K, 0 young (0K), 0 survivors (0K)
 Metaspace       used 59782K, committed 60416K, reserved 1114112K
  class space    used 7424K, committed 7680K, reserved 1048576K
}
Event: 1541.359 GC heap before
{Heap before GC invocations=149 (full 120):
 garbage-first heap   total 109568K, used 32413K [0x00000000c0000000, 0x0000000100000000)
  region size 1024K, 1 young (1024K), 0 survivors (0K)
 Metaspace       used 59782K, committed 60416K, reserved 1114112K
  class space    used 7424K, committed 7680K, reserved 1048576K
}
Event: 1541.431 GC heap after
{Heap after GC invocations=150 (full 121):
 garbage-first heap   total 109568K, used 32413K [0x00000000c0000000, 0x0000000100000000)
  region size 1024K, 0 young (0K), 0 survivors (0K)
 Metaspace       used 59782K, committed 60416K, reserved 1114112K
  class space    used 7424K, committed 7680K, reserved 1048576K
}
Event: 1558.102 GC heap before
{Heap before GC invocations=150 (full 121):
 garbage-first heap   total 109568K, used 32413K [0x00000000c0000000, 0x0000000100000000)
  region size 1024K, 1 young (1024K), 0 survivors (0K)
 Metaspace       used 59782K, committed 60416K, reserved 1114112K
  class space    used 7424K, committed 7680K, reserved 1048576K
}
Event: 1558.163 GC heap after
{Heap after GC invocations=151 (full 122):
 garbage-first heap   total 109568K, used 32413K [0x00000000c0000000, 0x0000000100000000)
  region size 1024K, 0 young (0K), 0 survivors (0K)
 Metaspace       used 59782K, committed 60416K, reserved 1114112K
  class space    used 7424K, committed 7680K, reserved 1048576K
}
Event: 1569.617 GC heap before
{Heap before GC invocations=151 (full 122):
 garbage-first heap   total 109568K, used 32413K [0x00000000c0000000, 0x0000000100000000)
  region size 1024K, 1 young (1024K), 0 survivors (0K)
 Metaspace       used 59782K, committed 60416K, reserved 1114112K
  class space    used 7424K, committed 7680K, reserved 1048576K
}
Event: 1569.685 GC heap after
{Heap after GC invocations=152 (full 123):
 garbage-first heap   total 109568K, used 32413K [0x00000000c0000000, 0x0000000100000000)
  region size 1024K, 0 young (0K), 0 survivors (0K)
 Metaspace       used 59782K, committed 60416K, reserved 1114112K
  class space    used 7424K, committed 7680K, reserved 1048576K
}
Event: 1581.021 GC heap before
{Heap before GC invocations=152 (full 123):
 garbage-first heap   total 109568K, used 32413K [0x00000000c0000000, 0x0000000100000000)
  region size 1024K, 1 young (1024K), 0 survivors (0K)
 Metaspace       used 59782K, committed 60416K, reserved 1114112K
  class space    used 7424K, committed 7680K, reserved 1048576K
}
Event: 1581.082 GC heap after
{Heap after GC invocations=153 (full 124):
 garbage-first heap   total 109568K, used 32413K [0x00000000c0000000, 0x0000000100000000)
  region size 1024K, 0 young (0K), 0 survivors (0K)
 Metaspace       used 59782K, committed 60416K, reserved 1114112K
  class space    used 7424K, committed 7680K, reserved 1048576K
}
Event: 1594.009 GC heap before
{Heap before GC invocations=153 (full 124):
 garbage-first heap   total 109568K, used 32413K [0x00000000c0000000, 0x0000000100000000)
  region size 1024K, 1 young (1024K), 0 survivors (0K)
 Metaspace       used 59782K, committed 60416K, reserved 1114112K
  class space    used 7424K, committed 7680K, reserved 1048576K
}
Event: 1594.070 GC heap after
{Heap after GC invocations=154 (full 125):
 garbage-first heap   total 109568K, used 32413K [0x00000000c0000000, 0x0000000100000000)
  region size 1024K, 0 young (0K), 0 survivors (0K)
 Metaspace       used 59782K, committed 60416K, reserved 1114112K
  class space    used 7424K, committed 7680K, reserved 1048576K
}
Event: 1607.129 GC heap before
{Heap before GC invocations=154 (full 125):
 garbage-first heap   total 109568K, used 32413K [0x00000000c0000000, 0x0000000100000000)
  region size 1024K, 1 young (1024K), 0 survivors (0K)
 Metaspace       used 59782K, committed 60416K, reserved 1114112K
  class space    used 7424K, committed 7680K, reserved 1048576K
}
Event: 1607.193 GC heap after
{Heap after GC invocations=155 (full 126):
 garbage-first heap   total 109568K, used 32413K [0x00000000c0000000, 0x0000000100000000)
  region size 1024K, 0 young (0K), 0 survivors (0K)
 Metaspace       used 59782K, committed 60416K, reserved 1114112K
  class space    used 7424K, committed 7680K, reserved 1048576K
}
Event: 1618.939 GC heap before
{Heap before GC invocations=155 (full 126):
 garbage-first heap   total 109568K, used 32413K [0x00000000c0000000, 0x0000000100000000)
  region size 1024K, 1 young (1024K), 0 survivors (0K)
 Metaspace       used 59782K, committed 60416K, reserved 1114112K
  class space    used 7424K, committed 7680K, reserved 1048576K
}
Event: 1619.006 GC heap after
{Heap after GC invocations=156 (full 127):
 garbage-first heap   total 109568K, used 32413K [0x00000000c0000000, 0x0000000100000000)
  region size 1024K, 0 young (0K), 0 survivors (0K)
 Metaspace       used 59782K, committed 60416K, reserved 1114112K
  class space    used 7424K, committed 7680K, reserved 1048576K
}

